- info Loaded env from /Users/c_fur1/Desktop/HH-Bot/.env.local
- warn You have enabled experimental feature (serverComponentsExternalPackages) in next.config.js.
- warn Experimental features are not covered by semver, and may cause unexpected or broken application behavior. Use at your own risk.

- [32mready[39m started server on [::]:3000, url: http://localhost:3000
- [35mevent[39m compiled client and server successfully in 146 ms (20 modules)
- [36mwait[39m compiling...
- [35mevent[39m compiled client and server successfully in 96 ms (20 modules)
- [36minfo[39m Loaded env from /Users/c_fur1/Desktop/HH-Bot/.env.local
- [36minfo[39m Loaded env from /Users/c_fur1/Desktop/HH-Bot/.env.local
- [36mwait[39m compiling /unified-search/page (client and server)...
- [35mevent[39m compiled client and server successfully in 1083 ms (431 modules)
- [36mwait[39m compiling /api/search-index/route (client and server)...
- [35mevent[39m compiled successfully in 112 ms (223 modules)
[search-index] Failed to list timeline entries: 401 Unauthorized - https://api.github.com/repos/starholder11/HH-Bot/contents/content/timeline?ref=main
- [36mwait[39m compiling /api/unified-search/route (client and server)...
- [35mevent[39m compiled successfully in 147 ms (225 modules)
ðŸ” Unified search query: "almond al" with limit: 10
ðŸ“Š Got 20 results from LanceDB
âœ… Returning 10 filtered results
ðŸ” Unified search query: "almond al" with limit: 10
ðŸ“Š Got 20 results from LanceDB
âœ… Returning 0 filtered results
- [36mwait[39m compiling...
- [35mevent[39m compiled client and server successfully in 383 ms (431 modules)
- [36mwait[39m compiling...
- [35mevent[39m compiled successfully in 481 ms (264 modules)
- [36mwait[39m compiling /api/search-index/route (client and server)...
- [35mevent[39m compiled successfully in 73 ms (223 modules)
[search-index] Failed to list timeline entries: 401 Unauthorized - https://api.github.com/repos/starholder11/HH-Bot/contents/content/timeline?ref=main
- [36mwait[39m compiling /api/unified-search/route (client and server)...
- [35mevent[39m compiled successfully in 110 ms (225 modules)
ðŸ” Unified search query: "almond al" with limit: 10
ðŸ“Š Got 20 results from LanceDB
âœ… Returning 10 filtered results
ðŸ” Unified search query: "hyperreal hospitality" with limit: 10
ðŸ“Š Got 20 results from LanceDB
âœ… Returning 10 filtered results
ðŸ” Unified search query: "four moons" with limit: 10
ðŸ“Š Got 20 results from LanceDB
âœ… Returning 10 filtered results
ðŸ” Unified search query: "second moon" with limit: 10
ðŸ“Š Got 20 results from LanceDB
âœ… Returning 10 filtered results
ðŸ” Unified search query: "arecibo" with limit: 10
ðŸ“Š Got 20 results from LanceDB
âœ… Returning 10 filtered results
ðŸ” Unified search query: "arecibo" with limit: 10
ðŸ“Š Got 20 results from LanceDB
âœ… Returning 10 filtered results
ðŸ” Unified search query: "emily" with limit: 10
ðŸ“Š Got 20 results from LanceDB
âœ… Returning 10 filtered results
ðŸ” Unified search query: "emily calypso" with limit: 10
ðŸ“Š Got 20 results from LanceDB
âœ… Returning 10 filtered results
ðŸ” Unified search query: "migration" with limit: 10
ðŸ“Š Got 20 results from LanceDB
âœ… Returning 10 filtered results
ðŸ” Unified search query: "collision" with limit: 10
ðŸ“Š Got 20 results from LanceDB
âœ… Returning 10 filtered results
- [36mwait[39m compiling...
- [35mevent[39m compiled client and server successfully in 417 ms (431 modules)
- [36mwait[39m compiling...
- [35mevent[39m compiled successfully in 381 ms (264 modules)
- [36mwait[39m compiling...
- [35mevent[39m compiled successfully in 242 ms (264 modules)
- [36mwait[39m compiling /api/unified-search/route (client and server)...
- [35mevent[39m compiled successfully in 62 ms (221 modules)
ðŸ” Unified search query: "Almond Al" with limit: 10
ðŸ“Š Got 100 results from LanceDB
âœ… Returning 100 filtered results
ðŸ” Unified search query: "Almond Al" with limit: 10
ðŸ“Š Got 100 results from LanceDB
âœ… Returning 100 filtered results
- [36mwait[39m compiling...
- [35mevent[39m compiled client and server successfully in 448 ms (485 modules)
- [36mwait[39m compiling...
- [35mevent[39m compiled client and server successfully in 377 ms (431 modules)
- [36mwait[39m compiling...
- [35mevent[39m compiled successfully in 211 ms (264 modules)
- [36mwait[39m compiling /api/unified-search/route (client and server)...
- [35mevent[39m compiled successfully in 50 ms (221 modules)
ðŸ” Unified search query: "Almond Al" with limit: 10
ðŸ“Š Got 100 results from LanceDB
âœ… Returning 100 filtered results
- [36mwait[39m compiling...
- [35mevent[39m compiled client and server successfully in 359 ms (485 modules)
- [36mwait[39m compiling /api/search-index/route (client and server)...
- [35mevent[39m compiled successfully in 90 ms (225 modules)
[search-index] Failed to list timeline entries: 401 Unauthorized - https://api.github.com/repos/starholder11/HH-Bot/contents/content/timeline?ref=main
ðŸ” Unified search query: "almond al" with limit: 10
ðŸ“Š Got 100 results from LanceDB
âœ… Returning 100 filtered results
- [36mwait[39m compiling...
- [35mevent[39m compiled client and server successfully in 314 ms (489 modules)
ðŸ” Unified search query: "Almond Al" with limit: 10
ðŸ“Š Got 100 results from LanceDB
âœ… Returning 100 filtered results
- [36mwait[39m compiling...
- [35mevent[39m compiled client and server successfully in 249 ms (489 modules)
ðŸ” Unified search query: "almond al" with limit: 10
ðŸ“Š Got 100 results from LanceDB
âœ… Returning 100 filtered results
ðŸ” Unified search query: "almond al" with limit: 10
ðŸ“Š Got 100 results from LanceDB
âœ… Returning 100 filtered results
- [36mwait[39m compiling...
- [35mevent[39m compiled client and server successfully in 299 ms (485 modules)
ðŸ” Unified search query: "Almond Al" with limit: 10
ðŸ“Š Got 100 results from LanceDB
âœ… Returning 100 filtered results
- [36mwait[39m compiling...
- [35mevent[39m compiled client and server successfully in 257 ms (485 modules)
ðŸ” Unified search query: "almond al" with limit: 10
ðŸ“Š Got 100 results from LanceDB
âœ… Returning 100 filtered results
ðŸ” Unified search query: "emily" with limit: 10
ðŸ“Š Got 100 results from LanceDB
âœ… Returning 100 filtered results
ðŸ” Unified search query: "dark matter" with limit: 10
ðŸ“Š Got 100 results from LanceDB
âœ… Returning 100 filtered results
ðŸ” Unified search query: "orgasms" with limit: 10
ðŸ“Š Got 100 results from LanceDB
âœ… Returning 100 filtered results
ðŸ” Unified search query: "orgasm" with limit: 10
ðŸ“Š Got 100 results from LanceDB
âœ… Returning 100 filtered results
ðŸ” Unified search query: "monkey" with limit: 10
ðŸ“Š Got 100 results from LanceDB
âœ… Returning 100 filtered results
ðŸ” Unified search query: "dark matter" with limit: 10
ðŸ“Š Got 100 results from LanceDB
âœ… Returning 100 filtered results
ðŸ” Unified search query: "vaporwave" with limit: 10
ðŸ“Š Got 100 results from LanceDB
âœ… Returning 100 filtered results
ðŸ” Unified search query: "god" with limit: 10
ðŸ“Š Got 100 results from LanceDB
âœ… Returning 100 filtered results
ðŸ” Unified search query: "the war on god" with limit: 10
ðŸ“Š Got 100 results from LanceDB
âœ… Returning 100 filtered results
- [36mwait[39m compiling...
- [35mevent[39m compiled client and server successfully in 334 ms (485 modules)
- [36mwait[39m compiling...
- [35mevent[39m compiled client and server successfully in 299 ms (485 modules)
ðŸ” Unified search query: "god" with limit: 10
ðŸ“Š Got 100 results from LanceDB
âœ… Returning 100 filtered results
- [36mwait[39m compiling...
- [35mevent[39m compiled client and server successfully in 378 ms (485 modules)
- [36mwait[39m compiling /api/search-index/route (client and server)...
- [35mevent[39m compiled successfully in 22 ms (225 modules)
[search-index] Failed to list timeline entries: 401 Unauthorized - https://api.github.com/repos/starholder11/HH-Bot/contents/content/timeline?ref=main
ðŸ” Unified search query: "god" with limit: 10
ðŸ“Š Got 100 results from LanceDB
âœ… Returning 100 filtered results
ðŸ” Unified search query: "god" with limit: 10
ðŸ“Š Got 100 results from LanceDB
âœ… Returning 100 filtered results
- [36mwait[39m compiling...
- [35mevent[39m compiled client and server successfully in 406 ms (489 modules)
ðŸ” Unified search query: "god" with limit: 10
ðŸ“Š Got 500 results from LanceDB
âœ… Returning 500 filtered results
- [36mwait[39m compiling...
- [35mevent[39m compiled client and server successfully in 327 ms (485 modules)
- [36mwait[39m compiling /api/search-index/route (client and server)...
- [35mevent[39m compiled successfully in 32 ms (223 modules)
[search-index] Failed to list timeline entries: 401 Unauthorized - https://api.github.com/repos/starholder11/HH-Bot/contents/content/timeline?ref=main
- [36mwait[39m compiling /api/unified-search/route (client and server)...
- [35mevent[39m compiled successfully in 25 ms (225 modules)
ðŸ” Unified search query: "gravity's rainbow" with limit: 10
ðŸ“Š Got 500 results from LanceDB
âœ… Returning 500 filtered results
ðŸ” Unified search query: "rocket emoji man" with limit: 10
ðŸ“Š Got 500 results from LanceDB
âœ… Returning 500 filtered results
ðŸ” Unified search query: "almond al" with limit: 10
ðŸ“Š Got 500 results from LanceDB
âœ… Returning 500 filtered results
ðŸ” Unified search query: "dark matter" with limit: 10
ðŸ“Š Got 500 results from LanceDB
âœ… Returning 500 filtered results
ðŸ” Unified search query: "philosophy" with limit: 10
ðŸ“Š Got 500 results from LanceDB
âœ… Returning 500 filtered results
ðŸ” Unified search query: "philosophy" with limit: 50
ðŸ“Š Got 2500 results from LanceDB
âœ… Returning 2500 filtered results
ðŸ” Unified search query: "sheen" with limit: 50
ðŸ“Š Got 2436 results from LanceDB
âœ… Returning 0 filtered results
ðŸ” Unified search query: "heavy duty" with limit: 50
ðŸ“Š Got 2435 results from LanceDB
âœ… Returning 0 filtered results
ðŸ” Unified search query: "surreal turtles" with limit: 50
ðŸ“Š Got 2500 results from LanceDB
âœ… Returning 0 filtered results
ðŸ” Unified search query: "surreal turtle" with limit: 50
ðŸ“Š Got 2500 results from LanceDB
âœ… Returning 0 filtered results
ðŸ” Unified search query: "surreal turtle" with limit: 20
ðŸ“Š Got 1000 results from LanceDB
âœ… Returning 1000 filtered results
ðŸ” Unified search query: "surreal turtle" with limit: 50
ðŸ“Š Got 2500 results from LanceDB
âœ… Returning 405 filtered results
ðŸ” Unified search query: "surreal turtle" with limit: 50
ðŸ“Š Got 2500 results from LanceDB
âœ… Returning 405 filtered results
ðŸ” Unified search query: "lemon duck" with limit: 50
ðŸ“Š Got 2470 results from LanceDB
âœ… Returning 338 filtered results
ðŸ” Unified search query: "lemon" with limit: 50
ðŸ“Š Got 2500 results from LanceDB
âœ… Returning 338 filtered results
ðŸ” Unified search query: "latex" with limit: 50
ðŸ“Š Got 2500 results from LanceDB
âœ… Returning 338 filtered results
ðŸ” Unified search query: "watt" with limit: 50
ðŸ“Š Got 2430 results from LanceDB
âœ… Returning 2430 filtered results
ðŸ” Unified search query: "energy" with limit: 50
ðŸ“Š Got 2500 results from LanceDB
âœ… Returning 2500 filtered results
ðŸ” Unified search query: "energy" with limit: 50
ðŸ“Š Got 2500 results from LanceDB
âœ… Returning 331 filtered results
ðŸ” Unified search query: "barry" with limit: 50
ðŸ“Š Got 2500 results from LanceDB
âœ… Returning 337 filtered results
ðŸ” Unified search query: "barry" with limit: 50
ðŸ“Š Got 2500 results from LanceDB
âœ… Returning 337 filtered results
ðŸ” Unified search query: "barry" with limit: 50
ðŸ“Š Got 2500 results from LanceDB
âœ… Returning 0 filtered results
ðŸ” Unified search query: "barbie" with limit: 50
ðŸ“Š Got 2493 results from LanceDB
âœ… Returning 0 filtered results
ðŸ” Unified search query: "suomi" with limit: 50
ðŸ“Š Got 2500 results from LanceDB
âœ… Returning 0 filtered results
ðŸ” Unified search query: "suomi pop" with limit: 50
ðŸ“Š Got 2500 results from LanceDB
âœ… Returning 0 filtered results
ðŸ” Unified search query: "goose" with limit: 50
ðŸ“Š Got 2452 results from LanceDB
âœ… Returning 0 filtered results
ðŸ” Unified search query: "rap" with limit: 50
ðŸ“Š Got 2500 results from LanceDB
âœ… Returning 0 filtered results
ðŸ” Unified search query: "rap" with limit: 50
ðŸ“Š Got 2500 results from LanceDB
âœ… Returning 338 filtered results
ðŸ” Unified search query: "beat" with limit: 5
ðŸ“Š Got 500 results from LanceDB
âœ… Returning 500 filtered results
- [36mwait[39m compiling...
- [35mevent[39m compiled client and server successfully in 339 ms (485 modules)
ðŸ” Unified search query: "beat" with limit: 5
ðŸ“Š Got 500 results from LanceDB
âœ… Returning 500 filtered results
- [36mwait[39m compiling...
- [35mevent[39m compiled client and server successfully in 401 ms (485 modules)
ðŸ” Unified search query: "surreal turtle" with limit: 5
ðŸ“Š Got 500 results from LanceDB
âœ… Returning 500 filtered results
- [36mwait[39m compiling...
- [35mevent[39m compiled client and server successfully in 283 ms (485 modules)
- [36mwait[39m compiling /api/search-index/route (client and server)...
- [35mevent[39m compiled successfully in 23 ms (225 modules)
[search-index] Failed to list timeline entries: 401 Unauthorized - https://api.github.com/repos/starholder11/HH-Bot/contents/content/timeline?ref=main
ðŸ” Unified search query: "haunted" with limit: 10
ðŸ“Š Got 500 results from LanceDB
âœ… Returning 63 filtered results
ðŸ” Unified search query: "stomp" with limit: 10
ðŸ“Š Got 500 results from LanceDB
âœ… Returning 137 filtered results
ðŸ” Unified search query: "land of tomorrow" with limit: 10
ðŸ“Š Got 500 results from LanceDB
âœ… Returning 2 filtered results
ðŸ” Unified search query: "land of tomorrow" with limit: 10
ðŸ“Š Got 500 results from LanceDB
âœ… Returning 40 filtered results
ðŸ” Unified search query: "land of tomorrow" with limit: 10
ðŸ“Š Got 500 results from LanceDB
âœ… Returning 40 filtered results
ðŸ” Unified search query: "code" with limit: 10
ðŸ“Š Got 500 results from LanceDB
âœ… Returning 258 filtered results
- [36mwait[39m compiling /_error (client and server)...
- [35mevent[39m compiled client and server successfully in 584 ms (557 modules)
- [36mwait[39m compiling /api/unified-search/route (client and server)...
- [35mevent[39m compiled successfully in 61 ms (250 modules)
ðŸ” Unified search query: "test" with limit: 20
ðŸ“Š Got 3 results from LanceDB
âœ… Returning 3 filtered results
- [36mwait[39m compiling...
- [35mevent[39m compiled client and server successfully in 339 ms (555 modules)
- [36mwait[39m compiling...
- [35mevent[39m compiled client and server successfully in 141 ms (555 modules)
- [36mwait[39m compiling...
- [35mevent[39m compiled client and server successfully in 123 ms (555 modules)
- [36mwait[39m compiling...
- [35mevent[39m compiled successfully in 327 ms (373 modules)
- [36mwait[39m compiling...
- [35mevent[39m compiled successfully in 264 ms (373 modules)
- [36mwait[39m compiling...
- [35mevent[39m compiled successfully in 212 ms (373 modules)
- [36mwait[39m compiling...
- [35mevent[39m compiled successfully in 257 ms (373 modules)
- [36mwait[39m compiling...
- [35mevent[39m compiled successfully in 229 ms (373 modules)
- [36mwait[39m compiling...
- [35mevent[39m compiled successfully in 231 ms (373 modules)
- [36mwait[39m compiling...
- [35mevent[39m compiled successfully in 225 ms (373 modules)
- [36mwait[39m compiling...
- [35mevent[39m compiled successfully in 192 ms (373 modules)
- [36mwait[39m compiling...
- [35mevent[39m compiled successfully in 210 ms (373 modules)
- [36mwait[39m compiling...
- [35mevent[39m compiled client and server successfully in 179 ms (555 modules)
- [36mwait[39m compiling...
- [35mevent[39m compiled successfully in 343 ms (373 modules)
- [36mwait[39m compiling...
- [35mevent[39m compiled successfully in 331 ms (373 modules)
- [36mwait[39m compiling...
- [35mevent[39m compiled client and server successfully in 142 ms (555 modules)
- warn 
> Found a change in next.config.js. Restarting the server to apply the changes...
